<?xml version="1.0" encoding="UTF-8"?>
<!-- Generated by org.testng.reporters.JUnitReportReporter -->
<testsuite hostname="Lenovo-PC" name="com.whatfix.qa.testcases.WhatFix_Test" tests="1" failures="0" timestamp="4 May 2018 13:23:31 GMT" time="24.193" errors="0">
  <testcase name="verifyWhatFix" time="24.193" classname="com.whatfix.qa.testcases.WhatFix_Test"/>
</testsuite> <!-- com.whatfix.qa.testcases.WhatFix_Test -->
