<?xml version="1.0" encoding="UTF-8"?>
<!-- Generated by org.testng.reporters.JUnitReportReporter -->
<testsuite hostname="DESKTOP-EAB2Q95" name="com.BlazeDemo.qa.testcases.BlazeDemo" tests="1" failures="0" timestamp="27 Aug 2020 09:28:56 GMT" time="16.146" errors="0">
  <testcase name="verifyBlazeDemo_FlightReservation" time="16.146" classname="com.BlazeDemo.qa.testcases.BlazeDemo"/>
</testsuite> <!-- com.BlazeDemo.qa.testcases.BlazeDemo -->
