<?xml version="1.0" encoding="UTF-8"?>
<!-- Generated by org.testng.reporters.JUnitReportReporter -->
<testsuite hostname="Lenovo-PC" name="com.rest.test.Rest_Test" tests="1" failures="0" timestamp="23 May 2018 17:33:45 GMT" time="3.927" errors="0">
  <testcase name="VerifyCityInJsonResponse" time="3.927" classname="com.rest.test.Rest_Test"/>
</testsuite> <!-- com.rest.test.Rest_Test -->
