<?xml version="1.0" encoding="UTF-8"?>
<!-- Generated by org.testng.reporters.JUnitReportReporter -->
<testsuite skipped="0" hostname="Lenovo-PC" name="com.rest.test.Rest_Post" tests="1" failures="0" timestamp="24 May 2018 17:01:47 GMT" time="3.336" errors="0">
  <testcase name="PostRegistration" time="3.336" classname="com.rest.test.Rest_Post"/>
</testsuite> <!-- com.rest.test.Rest_Post -->
