<?xml version="1.0" encoding="UTF-8"?>
<!-- Generated by org.testng.reporters.JUnitReportReporter -->
<testsuite hostname="Lenovo-PC" name="com.crm.qa.testcases.HomePageTest" tests="3" failures="0" timestamp="10 Apr 2018 17:48:16 GMT" time="83.819" errors="0">
  <testcase name="VerifyContactsLinkTest" time="31.505" classname="com.crm.qa.testcases.HomePageTest"/>
  <testcase name="VerifyUserNameTest" time="26.277" classname="com.crm.qa.testcases.HomePageTest"/>
  <testcase name="verifyHomePageTitle" time="26.037" classname="com.crm.qa.testcases.HomePageTest"/>
</testsuite> <!-- com.crm.qa.testcases.HomePageTest -->
